[1.424s] Invoking command in '/home/kmw/2025IEVE/lidar_ws/build/sllidar_ros2': CMAKE_PREFIX_PATH=${CMAKE_PREFIX_PATH}:/home/kmw/2025IEVE/lidar_ws/install/centroids:/home/kmw/2025IEVE/lidar_ws/install/centeroids:/home/kmw/2025IEVE/lidar_ws/install/calibration:/opt/ros/humble /usr/bin/cmake --build /home/kmw/2025IEVE/lidar_ws/build/sllidar_ros2 -- -j8 -l8
[1.728s] [ 10%] Built target sllidar_client
[1.744s] [100%] Built target sllidar_node
[1.810s] Invoked command in '/home/kmw/2025IEVE/lidar_ws/build/sllidar_ros2' returned '0': CMAKE_PREFIX_PATH=${CMAKE_PREFIX_PATH}:/home/kmw/2025IEVE/lidar_ws/install/centroids:/home/kmw/2025IEVE/lidar_ws/install/centeroids:/home/kmw/2025IEVE/lidar_ws/install/calibration:/opt/ros/humble /usr/bin/cmake --build /home/kmw/2025IEVE/lidar_ws/build/sllidar_ros2 -- -j8 -l8
[1.871s] Invoking command in '/home/kmw/2025IEVE/lidar_ws/build/sllidar_ros2': CMAKE_PREFIX_PATH=${CMAKE_PREFIX_PATH}:/home/kmw/2025IEVE/lidar_ws/install/centroids:/home/kmw/2025IEVE/lidar_ws/install/centeroids:/home/kmw/2025IEVE/lidar_ws/install/calibration:/opt/ros/humble /usr/bin/cmake --install /home/kmw/2025IEVE/lidar_ws/build/sllidar_ros2
[1.908s] -- Install configuration: ""
[1.911s] -- Up-to-date: /home/kmw/2025IEVE/lidar_ws/install/sllidar_ros2/share/sllidar_ros2/launch
[1.912s] -- Up-to-date: /home/kmw/2025IEVE/lidar_ws/install/sllidar_ros2/share/sllidar_ros2/launch/view_sllidar_s2e_launch.py
[1.913s] -- Up-to-date: /home/kmw/2025IEVE/lidar_ws/install/sllidar_ros2/share/sllidar_ros2/launch/sllidar_a2m8_launch.py
[1.914s] -- Up-to-date: /home/kmw/2025IEVE/lidar_ws/install/sllidar_ros2/share/sllidar_ros2/launch/view_sllidar_s1_tcp_launch.py
[1.915s] -- Up-to-date: /home/kmw/2025IEVE/lidar_ws/install/sllidar_ros2/share/sllidar_ros2/launch/sllidar_a2m12_launch .py
[1.915s] -- Up-to-date: /home/kmw/2025IEVE/lidar_ws/install/sllidar_ros2/share/sllidar_ros2/launch/sllidar_c1_launch.py
[1.916s] -- Up-to-date: /home/kmw/2025IEVE/lidar_ws/install/sllidar_ros2/share/sllidar_ros2/launch/view_sllidar_a1_launch.py
[1.917s] -- Up-to-date: /home/kmw/2025IEVE/lidar_ws/install/sllidar_ros2/share/sllidar_ros2/launch/view_sllidar_s3_launch.py
[1.918s] -- Up-to-date: /home/kmw/2025IEVE/lidar_ws/install/sllidar_ros2/share/sllidar_ros2/launch/sllidar_s2_launch.py
[1.918s] -- Up-to-date: /home/kmw/2025IEVE/lidar_ws/install/sllidar_ros2/share/sllidar_ros2/launch/sllidar_a2m7_launch.py
[1.918s] -- Up-to-date: /home/kmw/2025IEVE/lidar_ws/install/sllidar_ros2/share/sllidar_ros2/launch/sllidar_a3_launch.py
[1.919s] -- Up-to-date: /home/kmw/2025IEVE/lidar_ws/install/sllidar_ros2/share/sllidar_ros2/launch/view_sllidar_a2m12_launch.py
[1.919s] -- Up-to-date: /home/kmw/2025IEVE/lidar_ws/install/sllidar_ros2/share/sllidar_ros2/launch/sllidar_a1_launch.py
[1.919s] -- Up-to-date: /home/kmw/2025IEVE/lidar_ws/install/sllidar_ros2/share/sllidar_ros2/launch/view_sllidar_t1_launch.py
[1.920s] -- Up-to-date: /home/kmw/2025IEVE/lidar_ws/install/sllidar_ros2/share/sllidar_ros2/launch/view_sllidar_s1_launch.py
[1.920s] -- Up-to-date: /home/kmw/2025IEVE/lidar_ws/install/sllidar_ros2/share/sllidar_ros2/launch/sllidar_s1_tcp_launch.py
[1.921s] -- Up-to-date: /home/kmw/2025IEVE/lidar_ws/install/sllidar_ros2/share/sllidar_ros2/launch/sllidar_s3_launch.py
[1.921s] -- Up-to-date: /home/kmw/2025IEVE/lidar_ws/install/sllidar_ros2/share/sllidar_ros2/launch/sllidar_s1_launch.py
[1.922s] -- Up-to-date: /home/kmw/2025IEVE/lidar_ws/install/sllidar_ros2/share/sllidar_ros2/launch/view_sllidar_c1_launch.py
[1.923s] -- Up-to-date: /home/kmw/2025IEVE/lidar_ws/install/sllidar_ros2/share/sllidar_ros2/launch/sllidar_s2e_launch.py
[1.923s] -- Up-to-date: /home/kmw/2025IEVE/lidar_ws/install/sllidar_ros2/share/sllidar_ros2/launch/view_sllidar_a2m7_launch.py
[1.924s] -- Up-to-date: /home/kmw/2025IEVE/lidar_ws/install/sllidar_ros2/share/sllidar_ros2/launch/view_sllidar_a3_launch.py
[1.924s] -- Up-to-date: /home/kmw/2025IEVE/lidar_ws/install/sllidar_ros2/share/sllidar_ros2/launch/sllidar_t1_launch.py
[1.925s] -- Up-to-date: /home/kmw/2025IEVE/lidar_ws/install/sllidar_ros2/share/sllidar_ros2/launch/view_sllidar_a2m8_launch.py
[1.925s] -- Up-to-date: /home/kmw/2025IEVE/lidar_ws/install/sllidar_ros2/share/sllidar_ros2/launch/view_sllidar_s2_launch.py
[1.925s] -- Up-to-date: /home/kmw/2025IEVE/lidar_ws/install/sllidar_ros2/share/sllidar_ros2/rviz
[1.926s] -- Up-to-date: /home/kmw/2025IEVE/lidar_ws/install/sllidar_ros2/share/sllidar_ros2/rviz/sllidar_ros2.rviz
[1.926s] -- Up-to-date: /home/kmw/2025IEVE/lidar_ws/install/sllidar_ros2/lib/sllidar_ros2/sllidar_node
[1.926s] -- Up-to-date: /home/kmw/2025IEVE/lidar_ws/install/sllidar_ros2/lib/sllidar_ros2/sllidar_client
[1.927s] -- Up-to-date: /home/kmw/2025IEVE/lidar_ws/install/sllidar_ros2/share/ament_index/resource_index/package_run_dependencies/sllidar_ros2
[1.927s] -- Up-to-date: /home/kmw/2025IEVE/lidar_ws/install/sllidar_ros2/share/ament_index/resource_index/parent_prefix_path/sllidar_ros2
[1.928s] -- Up-to-date: /home/kmw/2025IEVE/lidar_ws/install/sllidar_ros2/share/sllidar_ros2/environment/ament_prefix_path.sh
[1.928s] -- Up-to-date: /home/kmw/2025IEVE/lidar_ws/install/sllidar_ros2/share/sllidar_ros2/environment/ament_prefix_path.dsv
[1.928s] -- Up-to-date: /home/kmw/2025IEVE/lidar_ws/install/sllidar_ros2/share/sllidar_ros2/environment/path.sh
[1.928s] -- Up-to-date: /home/kmw/2025IEVE/lidar_ws/install/sllidar_ros2/share/sllidar_ros2/environment/path.dsv
[1.929s] -- Up-to-date: /home/kmw/2025IEVE/lidar_ws/install/sllidar_ros2/share/sllidar_ros2/local_setup.bash
[1.929s] -- Up-to-date: /home/kmw/2025IEVE/lidar_ws/install/sllidar_ros2/share/sllidar_ros2/local_setup.sh
[1.929s] -- Up-to-date: /home/kmw/2025IEVE/lidar_ws/install/sllidar_ros2/share/sllidar_ros2/local_setup.zsh
[1.930s] -- Up-to-date: /home/kmw/2025IEVE/lidar_ws/install/sllidar_ros2/share/sllidar_ros2/local_setup.dsv
[1.930s] -- Installing: /home/kmw/2025IEVE/lidar_ws/install/sllidar_ros2/share/sllidar_ros2/package.dsv
[1.930s] -- Up-to-date: /home/kmw/2025IEVE/lidar_ws/install/sllidar_ros2/share/ament_index/resource_index/packages/sllidar_ros2
[1.930s] -- Up-to-date: /home/kmw/2025IEVE/lidar_ws/install/sllidar_ros2/share/sllidar_ros2/cmake/ament_cmake_export_dependencies-extras.cmake
[1.931s] -- Up-to-date: /home/kmw/2025IEVE/lidar_ws/install/sllidar_ros2/share/sllidar_ros2/cmake/ament_cmake_export_include_directories-extras.cmake
[1.931s] -- Up-to-date: /home/kmw/2025IEVE/lidar_ws/install/sllidar_ros2/share/sllidar_ros2/cmake/sllidar_ros2Config.cmake
[1.931s] -- Up-to-date: /home/kmw/2025IEVE/lidar_ws/install/sllidar_ros2/share/sllidar_ros2/cmake/sllidar_ros2Config-version.cmake
[1.932s] -- Up-to-date: /home/kmw/2025IEVE/lidar_ws/install/sllidar_ros2/share/sllidar_ros2/package.xml
[1.939s] Invoked command in '/home/kmw/2025IEVE/lidar_ws/build/sllidar_ros2' returned '0': CMAKE_PREFIX_PATH=${CMAKE_PREFIX_PATH}:/home/kmw/2025IEVE/lidar_ws/install/centroids:/home/kmw/2025IEVE/lidar_ws/install/centeroids:/home/kmw/2025IEVE/lidar_ws/install/calibration:/opt/ros/humble /usr/bin/cmake --install /home/kmw/2025IEVE/lidar_ws/build/sllidar_ros2
