[5.419s] Invoking command in '/home/kmw/2025IEVE/lidar_ws/src/calibration': PYTHONPATH=/home/kmw/2025IEVE/lidar_ws/build/calibration/prefix_override:/usr/lib/python3/dist-packages/colcon_core/task/python/colcon_distutils_commands:/home/kmw/2025IEVE/lidar_ws/install/calibration/lib/python3.10/site-packages:${PYTHONPATH} /usr/bin/python3 -W ignore:setup.py install is deprecated -W ignore:easy_install command is deprecated setup.py egg_info --egg-base ../../build/calibration build --build-base /home/kmw/2025IEVE/lidar_ws/build/calibration/build install --record /home/kmw/2025IEVE/lidar_ws/build/calibration/install.log --single-version-externally-managed install_data
[7.587s] /home/kmw/miniconda3/envs/ros2_py310/lib/python3.10/site-packages/setuptools/_distutils/dist.py:268: UserWarning: Unknown distribution option: 'tests_require'
[7.587s]   warnings.warn(msg)
[9.541s] running egg_info
[9.836s] writing ../../build/calibration/calibration.egg-info/PKG-INFO
[9.854s] writing dependency_links to ../../build/calibration/calibration.egg-info/dependency_links.txt
[9.860s] writing entry points to ../../build/calibration/calibration.egg-info/entry_points.txt
[9.869s] writing requirements to ../../build/calibration/calibration.egg-info/requires.txt
[9.870s] writing top-level names to ../../build/calibration/calibration.egg-info/top_level.txt
[10.353s] reading manifest file '../../build/calibration/calibration.egg-info/SOURCES.txt'
[10.372s] writing manifest file '../../build/calibration/calibration.egg-info/SOURCES.txt'
[10.373s] running build
[10.374s] running build_py
[10.379s] copying calibration/lidar_to_camera.py -> /home/kmw/2025IEVE/lidar_ws/build/calibration/build/lib/calibration
[10.386s] copying calibration/projection.py -> /home/kmw/2025IEVE/lidar_ws/build/calibration/build/lib/calibration
[10.389s] copying calibration/__init__.py -> /home/kmw/2025IEVE/lidar_ws/build/calibration/build/lib/calibration
[10.392s] copying calibration/camera_node.py -> /home/kmw/2025IEVE/lidar_ws/build/calibration/build/lib/calibration
[10.392s] copying calibration/lidar_point.py -> /home/kmw/2025IEVE/lidar_ws/build/calibration/build/lib/calibration
[10.397s] running install
[10.460s] running install_lib
[10.625s] running install_data
[10.625s] copying resource/calibration -> /home/kmw/2025IEVE/lidar_ws/install/calibration/share/ament_index/resource_index/packages
[10.632s] copying package.xml -> /home/kmw/2025IEVE/lidar_ws/install/calibration/share/calibration
[10.636s] running install_egg_info
[10.885s] removing '/home/kmw/2025IEVE/lidar_ws/install/calibration/lib/python3.10/site-packages/calibration-0.0.0-py3.10.egg-info' (and everything under it)
[10.887s] Copying ../../build/calibration/calibration.egg-info to /home/kmw/2025IEVE/lidar_ws/install/calibration/lib/python3.10/site-packages/calibration-0.0.0-py3.10.egg-info
[10.892s] running install_scripts
[11.470s] Installing camera script to /home/kmw/2025IEVE/lidar_ws/install/calibration/lib/calibration
[11.470s] Installing lidar_point script to /home/kmw/2025IEVE/lidar_ws/install/calibration/lib/calibration
[11.471s] Installing lidar_to_camera script to /home/kmw/2025IEVE/lidar_ws/install/calibration/lib/calibration
[11.471s] Installing projection script to /home/kmw/2025IEVE/lidar_ws/install/calibration/lib/calibration
[11.472s] writing list of installed files to '/home/kmw/2025IEVE/lidar_ws/build/calibration/install.log'
[11.593s] Invoked command in '/home/kmw/2025IEVE/lidar_ws/src/calibration' returned '0': PYTHONPATH=/home/kmw/2025IEVE/lidar_ws/build/calibration/prefix_override:/usr/lib/python3/dist-packages/colcon_core/task/python/colcon_distutils_commands:/home/kmw/2025IEVE/lidar_ws/install/calibration/lib/python3.10/site-packages:${PYTHONPATH} /usr/bin/python3 -W ignore:setup.py install is deprecated -W ignore:easy_install command is deprecated setup.py egg_info --egg-base ../../build/calibration build --build-base /home/kmw/2025IEVE/lidar_ws/build/calibration/build install --record /home/kmw/2025IEVE/lidar_ws/build/calibration/install.log --single-version-externally-managed install_data
