[3.581s] Invoking command in '/home/kmw/2025IEVE/lidar_ws/src/calibration': PYTHONPATH=/home/kmw/2025IEVE/lidar_ws/build/calibration/prefix_override:/usr/lib/python3/dist-packages/colcon_core/task/python/colcon_distutils_commands:/home/kmw/2025IEVE/lidar_ws/install/calibration/lib/python3.10/site-packages:${PYTHONPATH} /usr/bin/python3 -W ignore:setup.py install is deprecated -W ignore:easy_install command is deprecated setup.py egg_info --egg-base ../../build/calibration build --build-base /home/kmw/2025IEVE/lidar_ws/build/calibration/build install --record /home/kmw/2025IEVE/lidar_ws/build/calibration/install.log --single-version-externally-managed install_data
[4.026s] /home/kmw/miniconda3/envs/ros2_py310/lib/python3.10/site-packages/setuptools/_distutils/dist.py:268: UserWarning: Unknown distribution option: 'tests_require'
[4.026s]   warnings.warn(msg)
[4.299s] running egg_info
[4.343s] writing ../../build/calibration/calibration.egg-info/PKG-INFO
[4.344s] writing dependency_links to ../../build/calibration/calibration.egg-info/dependency_links.txt
[4.345s] writing entry points to ../../build/calibration/calibration.egg-info/entry_points.txt
[4.345s] writing requirements to ../../build/calibration/calibration.egg-info/requires.txt
[4.346s] writing top-level names to ../../build/calibration/calibration.egg-info/top_level.txt
[4.438s] reading manifest file '../../build/calibration/calibration.egg-info/SOURCES.txt'
[4.440s] writing manifest file '../../build/calibration/calibration.egg-info/SOURCES.txt'
[4.441s] running build
[4.441s] running build_py
[4.441s] copying calibration/lidar_to_camera.py -> /home/kmw/2025IEVE/lidar_ws/build/calibration/build/lib/calibration
[4.442s] copying calibration/projection.py -> /home/kmw/2025IEVE/lidar_ws/build/calibration/build/lib/calibration
[4.442s] copying calibration/__init__.py -> /home/kmw/2025IEVE/lidar_ws/build/calibration/build/lib/calibration
[4.443s] copying calibration/camera_node.py -> /home/kmw/2025IEVE/lidar_ws/build/calibration/build/lib/calibration
[4.443s] copying calibration/lidar_point.py -> /home/kmw/2025IEVE/lidar_ws/build/calibration/build/lib/calibration
[4.444s] running install
[4.455s] running install_lib
[4.501s] running install_data
[4.501s] copying resource/calibration -> /home/kmw/2025IEVE/lidar_ws/install/calibration/share/ament_index/resource_index/packages
[4.502s] copying package.xml -> /home/kmw/2025IEVE/lidar_ws/install/calibration/share/calibration
[4.502s] running install_egg_info
[4.545s] removing '/home/kmw/2025IEVE/lidar_ws/install/calibration/lib/python3.10/site-packages/calibration-0.0.0-py3.10.egg-info' (and everything under it)
[4.546s] Copying ../../build/calibration/calibration.egg-info to /home/kmw/2025IEVE/lidar_ws/install/calibration/lib/python3.10/site-packages/calibration-0.0.0-py3.10.egg-info
[4.547s] running install_scripts
[4.923s] Installing camera script to /home/kmw/2025IEVE/lidar_ws/install/calibration/lib/calibration
[4.924s] Installing lidar_point script to /home/kmw/2025IEVE/lidar_ws/install/calibration/lib/calibration
[4.925s] Installing lidar_to_camera script to /home/kmw/2025IEVE/lidar_ws/install/calibration/lib/calibration
[4.927s] Installing projection script to /home/kmw/2025IEVE/lidar_ws/install/calibration/lib/calibration
[4.929s] writing list of installed files to '/home/kmw/2025IEVE/lidar_ws/build/calibration/install.log'
[5.085s] Invoked command in '/home/kmw/2025IEVE/lidar_ws/src/calibration' returned '0': PYTHONPATH=/home/kmw/2025IEVE/lidar_ws/build/calibration/prefix_override:/usr/lib/python3/dist-packages/colcon_core/task/python/colcon_distutils_commands:/home/kmw/2025IEVE/lidar_ws/install/calibration/lib/python3.10/site-packages:${PYTHONPATH} /usr/bin/python3 -W ignore:setup.py install is deprecated -W ignore:easy_install command is deprecated setup.py egg_info --egg-base ../../build/calibration build --build-base /home/kmw/2025IEVE/lidar_ws/build/calibration/build install --record /home/kmw/2025IEVE/lidar_ws/build/calibration/install.log --single-version-externally-managed install_data
