[1.218s] Invoking command in '/home/kmw/2025IEVE/lidar_ws/build/sllidar_ros2': CMAKE_PREFIX_PATH=${CMAKE_PREFIX_PATH}:/home/kmw/2025IEVE/lidar_ws/install/centroids:/home/kmw/2025IEVE/lidar_ws/install/centeroids:/home/kmw/2025IEVE/lidar_ws/install/calibration:/opt/ros/humble /usr/bin/cmake --build /home/kmw/2025IEVE/lidar_ws/build/sllidar_ros2 -- -j8 -l8
[1.450s] [ 10%] Built target sllidar_client
[1.483s] [100%] Built target sllidar_node
[1.547s] Invoked command in '/home/kmw/2025IEVE/lidar_ws/build/sllidar_ros2' returned '0': CMAKE_PREFIX_PATH=${CMAKE_PREFIX_PATH}:/home/kmw/2025IEVE/lidar_ws/install/centroids:/home/kmw/2025IEVE/lidar_ws/install/centeroids:/home/kmw/2025IEVE/lidar_ws/install/calibration:/opt/ros/humble /usr/bin/cmake --build /home/kmw/2025IEVE/lidar_ws/build/sllidar_ros2 -- -j8 -l8
[1.586s] Invoking command in '/home/kmw/2025IEVE/lidar_ws/build/sllidar_ros2': CMAKE_PREFIX_PATH=${CMAKE_PREFIX_PATH}:/home/kmw/2025IEVE/lidar_ws/install/centroids:/home/kmw/2025IEVE/lidar_ws/install/centeroids:/home/kmw/2025IEVE/lidar_ws/install/calibration:/opt/ros/humble /usr/bin/cmake --install /home/kmw/2025IEVE/lidar_ws/build/sllidar_ros2
[1.623s] -- Install configuration: ""
[1.624s] -- Up-to-date: /home/kmw/2025IEVE/lidar_ws/install/sllidar_ros2/share/sllidar_ros2/launch
[1.626s] -- Up-to-date: /home/kmw/2025IEVE/lidar_ws/install/sllidar_ros2/share/sllidar_ros2/launch/view_sllidar_s2e_launch.py
[1.629s] -- Up-to-date: /home/kmw/2025IEVE/lidar_ws/install/sllidar_ros2/share/sllidar_ros2/launch/sllidar_a2m8_launch.py
[1.630s] -- Up-to-date: /home/kmw/2025IEVE/lidar_ws/install/sllidar_ros2/share/sllidar_ros2/launch/view_sllidar_s1_tcp_launch.py
[1.631s] -- Up-to-date: /home/kmw/2025IEVE/lidar_ws/install/sllidar_ros2/share/sllidar_ros2/launch/sllidar_a2m12_launch .py
[1.633s] -- Up-to-date: /home/kmw/2025IEVE/lidar_ws/install/sllidar_ros2/share/sllidar_ros2/launch/sllidar_c1_launch.py
[1.634s] -- Up-to-date: /home/kmw/2025IEVE/lidar_ws/install/sllidar_ros2/share/sllidar_ros2/launch/view_sllidar_a1_launch.py
[1.635s] -- Up-to-date: /home/kmw/2025IEVE/lidar_ws/install/sllidar_ros2/share/sllidar_ros2/launch/view_sllidar_s3_launch.py
[1.639s] -- Up-to-date: /home/kmw/2025IEVE/lidar_ws/install/sllidar_ros2/share/sllidar_ros2/launch/sllidar_s2_launch.py
[1.643s] -- Up-to-date: /home/kmw/2025IEVE/lidar_ws/install/sllidar_ros2/share/sllidar_ros2/launch/sllidar_a2m7_launch.py
[1.646s] -- Up-to-date: /home/kmw/2025IEVE/lidar_ws/install/sllidar_ros2/share/sllidar_ros2/launch/sllidar_a3_launch.py
[1.647s] -- Up-to-date: /home/kmw/2025IEVE/lidar_ws/install/sllidar_ros2/share/sllidar_ros2/launch/view_sllidar_a2m12_launch.py
[1.647s] -- Up-to-date: /home/kmw/2025IEVE/lidar_ws/install/sllidar_ros2/share/sllidar_ros2/launch/sllidar_a1_launch.py
[1.648s] -- Up-to-date: /home/kmw/2025IEVE/lidar_ws/install/sllidar_ros2/share/sllidar_ros2/launch/view_sllidar_t1_launch.py
[1.649s] -- Up-to-date: /home/kmw/2025IEVE/lidar_ws/install/sllidar_ros2/share/sllidar_ros2/launch/view_sllidar_s1_launch.py
[1.649s] -- Up-to-date: /home/kmw/2025IEVE/lidar_ws/install/sllidar_ros2/share/sllidar_ros2/launch/sllidar_s1_tcp_launch.py
[1.650s] -- Up-to-date: /home/kmw/2025IEVE/lidar_ws/install/sllidar_ros2/share/sllidar_ros2/launch/sllidar_s3_launch.py
[1.651s] -- Up-to-date: /home/kmw/2025IEVE/lidar_ws/install/sllidar_ros2/share/sllidar_ros2/launch/sllidar_s1_launch.py
[1.652s] -- Up-to-date: /home/kmw/2025IEVE/lidar_ws/install/sllidar_ros2/share/sllidar_ros2/launch/view_sllidar_c1_launch.py
[1.653s] -- Up-to-date: /home/kmw/2025IEVE/lidar_ws/install/sllidar_ros2/share/sllidar_ros2/launch/sllidar_s2e_launch.py
[1.654s] -- Up-to-date: /home/kmw/2025IEVE/lidar_ws/install/sllidar_ros2/share/sllidar_ros2/launch/view_sllidar_a2m7_launch.py
[1.654s] -- Up-to-date: /home/kmw/2025IEVE/lidar_ws/install/sllidar_ros2/share/sllidar_ros2/launch/view_sllidar_a3_launch.py
[1.655s] -- Up-to-date: /home/kmw/2025IEVE/lidar_ws/install/sllidar_ros2/share/sllidar_ros2/launch/sllidar_t1_launch.py
[1.655s] -- Up-to-date: /home/kmw/2025IEVE/lidar_ws/install/sllidar_ros2/share/sllidar_ros2/launch/view_sllidar_a2m8_launch.py
[1.658s] -- Up-to-date: /home/kmw/2025IEVE/lidar_ws/install/sllidar_ros2/share/sllidar_ros2/launch/view_sllidar_s2_launch.py
[1.658s] -- Up-to-date: /home/kmw/2025IEVE/lidar_ws/install/sllidar_ros2/share/sllidar_ros2/rviz
[1.659s] -- Up-to-date: /home/kmw/2025IEVE/lidar_ws/install/sllidar_ros2/share/sllidar_ros2/rviz/sllidar_ros2.rviz
[1.660s] -- Up-to-date: /home/kmw/2025IEVE/lidar_ws/install/sllidar_ros2/lib/sllidar_ros2/sllidar_node
[1.660s] -- Up-to-date: /home/kmw/2025IEVE/lidar_ws/install/sllidar_ros2/lib/sllidar_ros2/sllidar_client
[1.661s] -- Up-to-date: /home/kmw/2025IEVE/lidar_ws/install/sllidar_ros2/share/ament_index/resource_index/package_run_dependencies/sllidar_ros2
[1.663s] -- Up-to-date: /home/kmw/2025IEVE/lidar_ws/install/sllidar_ros2/share/ament_index/resource_index/parent_prefix_path/sllidar_ros2
[1.664s] -- Up-to-date: /home/kmw/2025IEVE/lidar_ws/install/sllidar_ros2/share/sllidar_ros2/environment/ament_prefix_path.sh
[1.664s] -- Up-to-date: /home/kmw/2025IEVE/lidar_ws/install/sllidar_ros2/share/sllidar_ros2/environment/ament_prefix_path.dsv
[1.665s] -- Up-to-date: /home/kmw/2025IEVE/lidar_ws/install/sllidar_ros2/share/sllidar_ros2/environment/path.sh
[1.665s] -- Up-to-date: /home/kmw/2025IEVE/lidar_ws/install/sllidar_ros2/share/sllidar_ros2/environment/path.dsv
[1.669s] -- Up-to-date: /home/kmw/2025IEVE/lidar_ws/install/sllidar_ros2/share/sllidar_ros2/local_setup.bash
[1.669s] -- Up-to-date: /home/kmw/2025IEVE/lidar_ws/install/sllidar_ros2/share/sllidar_ros2/local_setup.sh
[1.670s] -- Up-to-date: /home/kmw/2025IEVE/lidar_ws/install/sllidar_ros2/share/sllidar_ros2/local_setup.zsh
[1.671s] -- Up-to-date: /home/kmw/2025IEVE/lidar_ws/install/sllidar_ros2/share/sllidar_ros2/local_setup.dsv
[1.671s] -- Installing: /home/kmw/2025IEVE/lidar_ws/install/sllidar_ros2/share/sllidar_ros2/package.dsv
[1.672s] -- Up-to-date: /home/kmw/2025IEVE/lidar_ws/install/sllidar_ros2/share/ament_index/resource_index/packages/sllidar_ros2
[1.673s] -- Up-to-date: /home/kmw/2025IEVE/lidar_ws/install/sllidar_ros2/share/sllidar_ros2/cmake/ament_cmake_export_dependencies-extras.cmake
[1.673s] -- Up-to-date: /home/kmw/2025IEVE/lidar_ws/install/sllidar_ros2/share/sllidar_ros2/cmake/ament_cmake_export_include_directories-extras.cmake
[1.674s] -- Up-to-date: /home/kmw/2025IEVE/lidar_ws/install/sllidar_ros2/share/sllidar_ros2/cmake/sllidar_ros2Config.cmake
[1.677s] -- Up-to-date: /home/kmw/2025IEVE/lidar_ws/install/sllidar_ros2/share/sllidar_ros2/cmake/sllidar_ros2Config-version.cmake
[1.678s] -- Up-to-date: /home/kmw/2025IEVE/lidar_ws/install/sllidar_ros2/share/sllidar_ros2/package.xml
[1.682s] Invoked command in '/home/kmw/2025IEVE/lidar_ws/build/sllidar_ros2' returned '0': CMAKE_PREFIX_PATH=${CMAKE_PREFIX_PATH}:/home/kmw/2025IEVE/lidar_ws/install/centroids:/home/kmw/2025IEVE/lidar_ws/install/centeroids:/home/kmw/2025IEVE/lidar_ws/install/calibration:/opt/ros/humble /usr/bin/cmake --install /home/kmw/2025IEVE/lidar_ws/build/sllidar_ros2
