[3.538s] Invoking command in '/home/kmw/2025IEVE/lidar_ws/src/centroids': PYTHONPATH=/home/kmw/2025IEVE/lidar_ws/build/centroids/prefix_override:/usr/lib/python3/dist-packages/colcon_core/task/python/colcon_distutils_commands:/home/kmw/2025IEVE/lidar_ws/install/centroids/lib/python3.10/site-packages:${PYTHONPATH} /usr/bin/python3 -W ignore:setup.py install is deprecated -W ignore:easy_install command is deprecated setup.py egg_info --egg-base ../../build/centroids build --build-base /home/kmw/2025IEVE/lidar_ws/build/centroids/build install --record /home/kmw/2025IEVE/lidar_ws/build/centroids/install.log --single-version-externally-managed install_data
[4.259s] running egg_info
[4.309s] writing ../../build/centroids/centroids.egg-info/PKG-INFO
[4.310s] writing dependency_links to ../../build/centroids/centroids.egg-info/dependency_links.txt
[4.311s] writing entry points to ../../build/centroids/centroids.egg-info/entry_points.txt
[4.311s] writing requirements to ../../build/centroids/centroids.egg-info/requires.txt
[4.311s] writing top-level names to ../../build/centroids/centroids.egg-info/top_level.txt
[4.404s] reading manifest file '../../build/centroids/centroids.egg-info/SOURCES.txt'
[4.406s] writing manifest file '../../build/centroids/centroids.egg-info/SOURCES.txt'
[4.406s] running build
[4.406s] running build_py
[4.407s] copying centroids/centroids_visualize.py -> /home/kmw/2025IEVE/lidar_ws/build/centroids/build/lib/centroids
[4.407s] running install
[4.418s] running install_lib
[4.462s] running install_data
[4.462s] running install_egg_info
[4.505s] removing '/home/kmw/2025IEVE/lidar_ws/install/centroids/lib/python3.10/site-packages/centroids-0.0.0-py3.10.egg-info' (and everything under it)
[4.505s] Copying ../../build/centroids/centroids.egg-info to /home/kmw/2025IEVE/lidar_ws/install/centroids/lib/python3.10/site-packages/centroids-0.0.0-py3.10.egg-info
[4.507s] running install_scripts
[4.843s] Installing centroids_visualize script to /home/kmw/2025IEVE/lidar_ws/install/centroids/lib/centroids
[4.844s] Installing lr_dis script to /home/kmw/2025IEVE/lidar_ws/install/centroids/lib/centroids
[4.846s] writing list of installed files to '/home/kmw/2025IEVE/lidar_ws/build/centroids/install.log'
[4.986s] Invoked command in '/home/kmw/2025IEVE/lidar_ws/src/centroids' returned '0': PYTHONPATH=/home/kmw/2025IEVE/lidar_ws/build/centroids/prefix_override:/usr/lib/python3/dist-packages/colcon_core/task/python/colcon_distutils_commands:/home/kmw/2025IEVE/lidar_ws/install/centroids/lib/python3.10/site-packages:${PYTHONPATH} /usr/bin/python3 -W ignore:setup.py install is deprecated -W ignore:easy_install command is deprecated setup.py egg_info --egg-base ../../build/centroids build --build-base /home/kmw/2025IEVE/lidar_ws/build/centroids/build install --record /home/kmw/2025IEVE/lidar_ws/build/centroids/install.log --single-version-externally-managed install_data
